# JRE version: OpenJDK Runtime Environment (11.0.10) (build 11.0.10+0-b96-7249189)
# Java VM: OpenJDK 64-Bit Server VM (11.0.10+0-b96-7249189, mixed mode, tiered, compressed oops, g1 gc, windows-amd64)
Heap:
 garbage-first heap   total 284672K, used 133284K [0x0000000080000000, 0x0000000100000000)
  region size 1024K, 6 young (6144K), 4 survivors (4096K)
 Metaspace       used 160122K, capacity 164349K, committed 164428K, reserved 1212416K
  class space    used 19787K, capacity 21298K, committed 21324K, reserved 1048576K
GC Heap History (20 events):
Event: 18636.085 GC heap before
{Heap before GC invocations=45 (full 1):
 garbage-first heap   total 284672K, used 221234K [0x0000000080000000, 0x0000000100000000)
  region size 1024K, 47 young (48128K), 5 survivors (5120K)
 Metaspace       used 126863K, capacity 130716K, committed 131532K, reserved 1163264K
  class space    used 15849K, capacity 17280K, committed 17612K, reserved 1048576K
}
Event: 18636.094 GC heap after
{Heap after GC invocations=46 (full 1):
 garbage-first heap   total 284672K, used 186429K [0x0000000080000000, 0x0000000100000000)
  region size 1024K, 6 young (6144K), 6 survivors (6144K)
 Metaspace       used 126863K, capacity 130716K, committed 131532K, reserved 1163264K
  class space    used 15849K, capacity 17280K, committed 17612K, reserved 1048576K
}
Event: 18636.292 GC heap before
{Heap before GC invocations=47 (full 1):
 garbage-first heap   total 284672K, used 238653K [0x0000000080000000, 0x0000000100000000)
  region size 1024K, 45 young (46080K), 6 survivors (6144K)
 Metaspace       used 127806K, capacity 131676K, committed 132556K, reserved 1165312K
  class space    used 15923K, capacity 17344K, committed 17612K, reserved 1048576K
}
Event: 18636.301 GC heap after
{Heap after GC invocations=48 (full 1):
 garbage-first heap   total 284672K, used 206221K [0x0000000080000000, 0x0000000100000000)
  region size 1024K, 6 young (6144K), 6 survivors (6144K)
 Metaspace       used 127806K, capacity 131676K, committed 132556K, reserved 1165312K
  class space    used 15923K, capacity 17344K, committed 17612K, reserved 1048576K
}
Event: 18636.333 GC heap before
{Heap before GC invocations=48 (full 1):
 garbage-first heap   total 284672K, used 213389K [0x0000000080000000, 0x0000000100000000)
  region size 1024K, 13 young (13312K), 6 survivors (6144K)
 Metaspace       used 128198K, capacity 132028K, committed 132812K, reserved 1165312K
  class space    used 15955K, capacity 17376K, committed 17612K, reserved 1048576K
}
Event: 18636.337 GC heap after
{Heap after GC invocations=49 (full 1):
 garbage-first heap   total 284672K, used 206701K [0x0000000080000000, 0x0000000100000000)
  region size 1024K, 1 young (1024K), 1 survivors (1024K)
 Metaspace       used 128198K, capacity 132028K, committed 132812K, reserved 1165312K
  class space    used 15955K, capacity 17376K, committed 17612K, reserved 1048576K
}
Event: 18636.549 GC heap before
{Heap before GC invocations=49 (full 1):
 garbage-first heap   total 284672K, used 229229K [0x0000000080000000, 0x0000000100000000)
  region size 1024K, 25 young (25600K), 1 survivors (1024K)
 Metaspace       used 130145K, capacity 133939K, committed 134860K, reserved 1167360K
  class space    used 16136K, capacity 17537K, committed 17868K, reserved 1048576K
}
Event: 18636.552 GC heap after
{Heap after GC invocations=50 (full 1):
 garbage-first heap   total 284672K, used 207378K [0x0000000080000000, 0x0000000100000000)
  region size 1024K, 2 young (2048K), 2 survivors (2048K)
 Metaspace       used 130145K, capacity 133939K, committed 134860K, reserved 1167360K
  class space    used 16136K, capacity 17537K, committed 17868K, reserved 1048576K
}
Event: 18637.225 GC heap before
{Heap before GC invocations=51 (full 1):
 garbage-first heap   total 284672K, used 259602K [0x0000000080000000, 0x0000000100000000)
  region size 1024K, 33 young (33792K), 2 survivors (2048K)
 Metaspace       used 137127K, capacity 141066K, committed 141644K, reserved 1173504K
  class space    used 16803K, capacity 18243K, committed 18508K, reserved 1048576K
}
Event: 18637.228 GC heap after
{Heap after GC invocations=52 (full 1):
 garbage-first heap   total 284672K, used 207023K [0x0000000080000000, 0x0000000100000000)
  region size 1024K, 2 young (2048K), 2 survivors (2048K)
 Metaspace       used 137127K, capacity 141066K, committed 141644K, reserved 1173504K
  class space    used 16803K, capacity 18243K, committed 18508K, reserved 1048576K
}
Event: 18637.440 GC heap before
{Heap before GC invocations=52 (full 1):
 garbage-first heap   total 284672K, used 220335K [0x0000000080000000, 0x0000000100000000)
  region size 1024K, 13 young (13312K), 2 survivors (2048K)
 Metaspace       used 139326K, capacity 143330K, committed 143820K, reserved 1175552K
  class space    used 17035K, capacity 18488K, committed 18636K, reserved 1048576K
}
Event: 18637.446 GC heap after
{Heap after GC invocations=53 (full 1):
 garbage-first heap   total 284672K, used 203088K [0x0000000080000000, 0x0000000100000000)
  region size 1024K, 1 young (1024K), 1 survivors (1024K)
 Metaspace       used 139326K, capacity 143330K, committed 143820K, reserved 1175552K
  class space    used 17035K, capacity 18488K, committed 18636K, reserved 1048576K
}
Event: 18637.994 GC heap before
{Heap before GC invocations=53 (full 1):
 garbage-first heap   total 284672K, used 244048K [0x0000000080000000, 0x0000000100000000)
  region size 1024K, 36 young (36864K), 1 survivors (1024K)
 Metaspace       used 144751K, capacity 148811K, committed 149324K, reserved 1179648K
  class space    used 17636K, capacity 19086K, committed 19276K, reserved 1048576K
}
Event: 18638.000 GC heap after
{Heap after GC invocations=54 (full 1):
 garbage-first heap   total 284672K, used 210331K [0x0000000080000000, 0x0000000100000000)
  region size 1024K, 5 young (5120K), 5 survivors (5120K)
 Metaspace       used 144751K, capacity 148811K, committed 149324K, reserved 1179648K
  class space    used 17636K, capacity 19086K, committed 19276K, reserved 1048576K
}
Event: 18638.510 GC heap before
{Heap before GC invocations=55 (full 1):
 garbage-first heap   total 284672K, used 182683K [0x0000000080000000, 0x0000000100000000)
  region size 1024K, 35 young (35840K), 5 survivors (5120K)
 Metaspace       used 151238K, capacity 155464K, committed 155724K, reserved 1185792K
  class space    used 18712K, capacity 20219K, committed 20300K, reserved 1048576K
}
Event: 18638.516 GC heap after
{Heap after GC invocations=56 (full 1):
 garbage-first heap   total 284672K, used 154880K [0x0000000080000000, 0x0000000100000000)
  region size 1024K, 3 young (3072K), 3 survivors (3072K)
 Metaspace       used 151238K, capacity 155464K, committed 155724K, reserved 1185792K
  class space    used 18712K, capacity 20219K, committed 20300K, reserved 1048576K
}
Event: 18638.661 GC heap before
{Heap before GC invocations=56 (full 1):
 garbage-first heap   total 284672K, used 164096K [0x0000000080000000, 0x0000000100000000)
  region size 1024K, 13 young (13312K), 3 survivors (3072K)
 Metaspace       used 152739K, capacity 157014K, committed 157260K, reserved 1185792K
  class space    used 18894K, capacity 20414K, committed 20556K, reserved 1048576K
}
Event: 18638.666 GC heap after
{Heap after GC invocations=57 (full 1):
 garbage-first heap   total 284672K, used 130082K [0x0000000080000000, 0x0000000100000000)
  region size 1024K, 2 young (2048K), 2 survivors (2048K)
 Metaspace       used 152739K, capacity 157014K, committed 157260K, reserved 1185792K
  class space    used 18894K, capacity 20414K, committed 20556K, reserved 1048576K
}
Event: 18639.208 GC heap before
{Heap before GC invocations=57 (full 1):
 garbage-first heap   total 284672K, used 165922K [0x0000000080000000, 0x0000000100000000)
  region size 1024K, 38 young (38912K), 2 survivors (2048K)
 Metaspace       used 159834K, capacity 164045K, committed 164172K, reserved 1202176K
  class space    used 19764K, capacity 21261K, committed 21324K, reserved 1048576K
}
Event: 18639.212 GC heap after
{Heap after GC invocations=58 (full 1):
 garbage-first heap   total 284672K, used 132260K [0x0000000080000000, 0x0000000100000000)
  region size 1024K, 4 young (4096K), 4 survivors (4096K)
 Metaspace       used 159834K, capacity 164045K, committed 164172K, reserved 1202176K
  class space    used 19764K, capacity 21261K, committed 21324K, reserved 1048576K
}

